build/app/intermediates/manifest_merge_blame_file/release/manifest-merger-blame-release-report.txt
1<?xml version="1.0" encoding="utf-8"?>
2<manifest xmlns:android="http://schemas.android.com/apk/res/android"
3    package="com.lbscollege.expense_tracker"
4    android:versionCode="1"
5    android:versionName="1.0.0" >
6
7    <uses-sdk
8        android:minSdkVersion="19"
8-->src/main/AndroidManifest.xml
9        android:targetSdkVersion="33" />
9-->src/main/AndroidManifest.xml
10    <!--
11         Required to query activities that can process text, see:
12         https://developer.android.com/training/package-visibility?hl=en and
13         https://developer.android.com/reference/android/content/Intent#ACTION_PROCESS_TEXT.
14
15         In particular, this is used by the Flutter engine in io.flutter.plugin.text.ProcessTextPlugin.
16    -->
17    <queries>
17-->src/main/AndroidManifest.xml:38:5-43:15
18        <intent>
18-->src/main/AndroidManifest.xml:39:9-42:18
19            <action android:name="android.intent.action.PROCESS_TEXT" />
19-->src/main/AndroidManifest.xml:40:13-72
19-->src/main/AndroidManifest.xml:40:21-70
20
21            <data android:mimeType="text/plain" />
21-->src/main/AndroidManifest.xml:41:13-50
21-->src/main/AndroidManifest.xml:41:19-48
22        </intent>
23    </queries>
24
25    <uses-permission android:name="android.permission.INTERNET" />
25-->[com.google.firebase:firebase-auth:22.3.1] AndroidManifest.xml:25:5-67
25-->[com.google.firebase:firebase-auth:22.3.1] AndroidManifest.xml:25:22-64
26    <uses-permission android:name="android.permission.ACCESS_NETWORK_STATE" />
26-->[com.google.firebase:firebase-auth:22.3.1] AndroidManifest.xml:26:5-79
26-->[com.google.firebase:firebase-auth:22.3.1] AndroidManifest.xml:26:22-76
27    <uses-permission android:name="android.permission.POST_NOTIFICATIONS" />
27-->[com.google.firebase:firebase-messaging:23.4.1] AndroidManifest.xml:23:5-77
27-->[com.google.firebase:firebase-messaging:23.4.1] AndroidManifest.xml:23:22-74
28    <uses-permission android:name="android.permission.WAKE_LOCK" /> <!-- Required by older versions of Google Play services to create IID tokens -->
28-->[com.google.firebase:firebase-messaging:23.4.1] AndroidManifest.xml:24:5-68
28-->[com.google.firebase:firebase-messaging:23.4.1] AndroidManifest.xml:24:22-65
29    <uses-permission android:name="com.google.android.c2dm.permission.RECEIVE" />
29-->[com.google.firebase:firebase-messaging:23.4.1] AndroidManifest.xml:26:5-82
29-->[com.google.firebase:firebase-messaging:23.4.1] AndroidManifest.xml:26:22-79
30    <uses-permission android:name="com.google.android.providers.gsf.permission.READ_GSERVICES" />
30-->[com.google.android.recaptcha:recaptcha:18.4.0] AndroidManifest.xml:9:5-98
30-->[com.google.android.recaptcha:recaptcha:18.4.0] AndroidManifest.xml:9:22-95
31
32    <application
33        android:name="android.app.Application"
33-->src/main/AndroidManifest.xml:4:9-42
34        android:appComponentFactory="androidx.core.app.CoreComponentFactory"
34-->[androidx.core:core:1.6.0] AndroidManifest.xml:24:18-86
35        android:icon="@mipmap/ic_launcher"
35-->src/main/AndroidManifest.xml:5:9-43
36        android:label="expense_tracker" >
36-->src/main/AndroidManifest.xml:3:9-40
37        <activity
37-->src/main/AndroidManifest.xml:6:9-26:20
38            android:name="com.lbscollege.expense_tracker.MainActivity"
38-->src/main/AndroidManifest.xml:7:13-41
39            android:configChanges="orientation|keyboardHidden|keyboard|screenSize|smallestScreenSize|locale|layoutDirection|fontScale|screenLayout|density|uiMode"
39-->src/main/AndroidManifest.xml:11:13-163
40            android:exported="true"
40-->src/main/AndroidManifest.xml:8:13-36
41            android:hardwareAccelerated="true"
41-->src/main/AndroidManifest.xml:12:13-47
42            android:launchMode="singleTop"
42-->src/main/AndroidManifest.xml:9:13-43
43            android:theme="@style/LaunchTheme"
43-->src/main/AndroidManifest.xml:10:13-47
44            android:windowSoftInputMode="adjustResize" >
44-->src/main/AndroidManifest.xml:13:13-55
45
46            <!--
47                 Specifies an Android theme to apply to this Activity as soon as
48                 the Android process has started. This theme is visible to the user
49                 while the Flutter UI initializes. After that, this theme continues
50                 to determine the Window background behind the Flutter UI.
51            -->
52            <meta-data
52-->src/main/AndroidManifest.xml:18:13-21:17
53                android:name="io.flutter.embedding.android.NormalTheme"
53-->src/main/AndroidManifest.xml:19:15-70
54                android:resource="@style/NormalTheme" />
54-->src/main/AndroidManifest.xml:20:15-52
55
56            <intent-filter>
56-->src/main/AndroidManifest.xml:22:13-25:29
57                <action android:name="android.intent.action.MAIN" />
57-->src/main/AndroidManifest.xml:23:17-68
57-->src/main/AndroidManifest.xml:23:25-66
58
59                <category android:name="android.intent.category.LAUNCHER" />
59-->src/main/AndroidManifest.xml:24:17-76
59-->src/main/AndroidManifest.xml:24:27-74
60            </intent-filter>
61        </activity>
62        <!--
63             Don't delete the meta-data below.
64             This is used by the Flutter tool to generate GeneratedPluginRegistrant.java
65        -->
66        <meta-data
66-->src/main/AndroidManifest.xml:29:9-31:33
67            android:name="flutterEmbedding"
67-->src/main/AndroidManifest.xml:30:13-44
68            android:value="2" />
68-->src/main/AndroidManifest.xml:31:13-30
69
70        <service
70-->[:firebase_auth] AndroidManifest.xml:10:9-14:19
71            android:name="com.google.firebase.components.ComponentDiscoveryService"
71-->[:firebase_auth] AndroidManifest.xml:10:18-89
72            android:directBootAware="true"
72-->[com.google.firebase:firebase-common:20.4.2] AndroidManifest.xml:32:13-43
73            android:exported="false" >
73-->[com.google.firebase:firebase-auth:22.3.1] AndroidManifest.xml:68:13-37
74            <meta-data
74-->[:firebase_auth] AndroidManifest.xml:11:13-13:85
75                android:name="com.google.firebase.components:io.flutter.plugins.firebase.auth.FlutterFirebaseAuthRegistrar"
75-->[:firebase_auth] AndroidManifest.xml:12:17-124
76                android:value="com.google.firebase.components.ComponentRegistrar" />
76-->[:firebase_auth] AndroidManifest.xml:13:17-82
77            <meta-data
77-->[:cloud_firestore] AndroidManifest.xml:11:13-13:85
78                android:name="com.google.firebase.components:io.flutter.plugins.firebase.firestore.FlutterFirebaseFirestoreRegistrar"
78-->[:cloud_firestore] AndroidManifest.xml:12:17-134
79                android:value="com.google.firebase.components.ComponentRegistrar" />
79-->[:cloud_firestore] AndroidManifest.xml:13:17-82
80            <meta-data
80-->[:firebase_core] AndroidManifest.xml:11:13-13:85
81                android:name="com.google.firebase.components:io.flutter.plugins.firebase.core.FlutterFirebaseCoreRegistrar"
81-->[:firebase_core] AndroidManifest.xml:12:17-124
82                android:value="com.google.firebase.components.ComponentRegistrar" />
82-->[:firebase_core] AndroidManifest.xml:13:17-82
83            <meta-data
83-->[com.google.firebase:firebase-auth:22.3.1] AndroidManifest.xml:69:13-71:85
84                android:name="com.google.firebase.components:com.google.firebase.auth.FirebaseAuthRegistrar"
84-->[com.google.firebase:firebase-auth:22.3.1] AndroidManifest.xml:70:17-109
85                android:value="com.google.firebase.components.ComponentRegistrar" />
85-->[com.google.firebase:firebase-auth:22.3.1] AndroidManifest.xml:71:17-82
86            <meta-data
86-->[com.google.firebase:firebase-firestore:24.10.3] AndroidManifest.xml:17:13-19:85
87                android:name="com.google.firebase.components:com.google.firebase.firestore.FirebaseFirestoreKtxRegistrar"
87-->[com.google.firebase:firebase-firestore:24.10.3] AndroidManifest.xml:18:17-122
88                android:value="com.google.firebase.components.ComponentRegistrar" />
88-->[com.google.firebase:firebase-firestore:24.10.3] AndroidManifest.xml:19:17-82
89            <meta-data
89-->[com.google.firebase:firebase-firestore:24.10.3] AndroidManifest.xml:20:13-22:85
90                android:name="com.google.firebase.components:com.google.firebase.firestore.FirestoreRegistrar"
90-->[com.google.firebase:firebase-firestore:24.10.3] AndroidManifest.xml:21:17-111
91                android:value="com.google.firebase.components.ComponentRegistrar" />
91-->[com.google.firebase:firebase-firestore:24.10.3] AndroidManifest.xml:22:17-82
92            <meta-data
92-->[com.google.firebase:firebase-messaging:23.4.1] AndroidManifest.xml:57:13-59:85
93                android:name="com.google.firebase.components:com.google.firebase.messaging.FirebaseMessagingKtxRegistrar"
93-->[com.google.firebase:firebase-messaging:23.4.1] AndroidManifest.xml:58:17-122
94                android:value="com.google.firebase.components.ComponentRegistrar" />
94-->[com.google.firebase:firebase-messaging:23.4.1] AndroidManifest.xml:59:17-82
95            <meta-data
95-->[com.google.firebase:firebase-messaging:23.4.1] AndroidManifest.xml:60:13-62:85
96                android:name="com.google.firebase.components:com.google.firebase.messaging.FirebaseMessagingRegistrar"
96-->[com.google.firebase:firebase-messaging:23.4.1] AndroidManifest.xml:61:17-119
97                android:value="com.google.firebase.components.ComponentRegistrar" />
97-->[com.google.firebase:firebase-messaging:23.4.1] AndroidManifest.xml:62:17-82
98            <meta-data
98-->[com.google.firebase:firebase-installations:17.2.0] AndroidManifest.xml:15:13-17:85
99                android:name="com.google.firebase.components:com.google.firebase.installations.FirebaseInstallationsKtxRegistrar"
99-->[com.google.firebase:firebase-installations:17.2.0] AndroidManifest.xml:16:17-130
100                android:value="com.google.firebase.components.ComponentRegistrar" />
100-->[com.google.firebase:firebase-installations:17.2.0] AndroidManifest.xml:17:17-82
101            <meta-data
101-->[com.google.firebase:firebase-installations:17.2.0] AndroidManifest.xml:18:13-20:85
102                android:name="com.google.firebase.components:com.google.firebase.installations.FirebaseInstallationsRegistrar"
102-->[com.google.firebase:firebase-installations:17.2.0] AndroidManifest.xml:19:17-127
103                android:value="com.google.firebase.components.ComponentRegistrar" />
103-->[com.google.firebase:firebase-installations:17.2.0] AndroidManifest.xml:20:17-82
104            <meta-data
104-->[com.google.firebase:firebase-common-ktx:20.4.2] AndroidManifest.xml:12:13-14:85
105                android:name="com.google.firebase.components:com.google.firebase.ktx.FirebaseCommonLegacyRegistrar"
105-->[com.google.firebase:firebase-common-ktx:20.4.2] AndroidManifest.xml:13:17-116
106                android:value="com.google.firebase.components.ComponentRegistrar" />
106-->[com.google.firebase:firebase-common-ktx:20.4.2] AndroidManifest.xml:14:17-82
107            <meta-data
107-->[com.google.firebase:firebase-common:20.4.2] AndroidManifest.xml:35:13-37:85
108                android:name="com.google.firebase.components:com.google.firebase.FirebaseCommonKtxRegistrar"
108-->[com.google.firebase:firebase-common:20.4.2] AndroidManifest.xml:36:17-109
109                android:value="com.google.firebase.components.ComponentRegistrar" />
109-->[com.google.firebase:firebase-common:20.4.2] AndroidManifest.xml:37:17-82
110            <meta-data
110-->[com.google.firebase:firebase-datatransport:18.1.7] AndroidManifest.xml:27:13-29:85
111                android:name="com.google.firebase.components:com.google.firebase.datatransport.TransportRegistrar"
111-->[com.google.firebase:firebase-datatransport:18.1.7] AndroidManifest.xml:28:17-115
112                android:value="com.google.firebase.components.ComponentRegistrar" />
112-->[com.google.firebase:firebase-datatransport:18.1.7] AndroidManifest.xml:29:17-82
113        </service>
114
115        <activity
115-->[com.google.firebase:firebase-auth:22.3.1] AndroidManifest.xml:29:9-46:20
116            android:name="com.google.firebase.auth.internal.GenericIdpActivity"
116-->[com.google.firebase:firebase-auth:22.3.1] AndroidManifest.xml:30:13-80
117            android:excludeFromRecents="true"
117-->[com.google.firebase:firebase-auth:22.3.1] AndroidManifest.xml:31:13-46
118            android:exported="true"
118-->[com.google.firebase:firebase-auth:22.3.1] AndroidManifest.xml:32:13-36
119            android:launchMode="singleTask"
119-->[com.google.firebase:firebase-auth:22.3.1] AndroidManifest.xml:33:13-44
120            android:theme="@android:style/Theme.Translucent.NoTitleBar" >
120-->[com.google.firebase:firebase-auth:22.3.1] AndroidManifest.xml:34:13-72
121            <intent-filter>
121-->[com.google.firebase:firebase-auth:22.3.1] AndroidManifest.xml:35:13-45:29
122                <action android:name="android.intent.action.VIEW" />
122-->[com.google.firebase:firebase-auth:22.3.1] AndroidManifest.xml:36:17-69
122-->[com.google.firebase:firebase-auth:22.3.1] AndroidManifest.xml:36:25-66
123
124                <category android:name="android.intent.category.DEFAULT" />
124-->[com.google.firebase:firebase-auth:22.3.1] AndroidManifest.xml:38:17-76
124-->[com.google.firebase:firebase-auth:22.3.1] AndroidManifest.xml:38:27-73
125                <category android:name="android.intent.category.BROWSABLE" />
125-->[com.google.firebase:firebase-auth:22.3.1] AndroidManifest.xml:39:17-78
125-->[com.google.firebase:firebase-auth:22.3.1] AndroidManifest.xml:39:27-75
126
127                <data
127-->src/main/AndroidManifest.xml:41:13-50
128                    android:host="firebase.auth"
129                    android:path="/"
130                    android:scheme="genericidp" />
131            </intent-filter>
132        </activity>
133        <activity
133-->[com.google.firebase:firebase-auth:22.3.1] AndroidManifest.xml:47:9-64:20
134            android:name="com.google.firebase.auth.internal.RecaptchaActivity"
134-->[com.google.firebase:firebase-auth:22.3.1] AndroidManifest.xml:48:13-79
135            android:excludeFromRecents="true"
135-->[com.google.firebase:firebase-auth:22.3.1] AndroidManifest.xml:49:13-46
136            android:exported="true"
136-->[com.google.firebase:firebase-auth:22.3.1] AndroidManifest.xml:50:13-36
137            android:launchMode="singleTask"
137-->[com.google.firebase:firebase-auth:22.3.1] AndroidManifest.xml:51:13-44
138            android:theme="@android:style/Theme.Translucent.NoTitleBar" >
138-->[com.google.firebase:firebase-auth:22.3.1] AndroidManifest.xml:52:13-72
139            <intent-filter>
139-->[com.google.firebase:firebase-auth:22.3.1] AndroidManifest.xml:53:13-63:29
140                <action android:name="android.intent.action.VIEW" />
140-->[com.google.firebase:firebase-auth:22.3.1] AndroidManifest.xml:36:17-69
140-->[com.google.firebase:firebase-auth:22.3.1] AndroidManifest.xml:36:25-66
141
142                <category android:name="android.intent.category.DEFAULT" />
142-->[com.google.firebase:firebase-auth:22.3.1] AndroidManifest.xml:38:17-76
142-->[com.google.firebase:firebase-auth:22.3.1] AndroidManifest.xml:38:27-73
143                <category android:name="android.intent.category.BROWSABLE" />
143-->[com.google.firebase:firebase-auth:22.3.1] AndroidManifest.xml:39:17-78
143-->[com.google.firebase:firebase-auth:22.3.1] AndroidManifest.xml:39:27-75
144
145                <data
145-->src/main/AndroidManifest.xml:41:13-50
146                    android:host="firebase.auth"
147                    android:path="/"
148                    android:scheme="recaptcha" />
149            </intent-filter>
150        </activity>
151
152        <receiver
152-->[com.google.firebase:firebase-messaging:23.4.1] AndroidManifest.xml:29:9-40:20
153            android:name="com.google.firebase.iid.FirebaseInstanceIdReceiver"
153-->[com.google.firebase:firebase-messaging:23.4.1] AndroidManifest.xml:30:13-78
154            android:exported="true"
154-->[com.google.firebase:firebase-messaging:23.4.1] AndroidManifest.xml:31:13-36
155            android:permission="com.google.android.c2dm.permission.SEND" >
155-->[com.google.firebase:firebase-messaging:23.4.1] AndroidManifest.xml:32:13-73
156            <intent-filter>
156-->[com.google.firebase:firebase-messaging:23.4.1] AndroidManifest.xml:33:13-35:29
157                <action android:name="com.google.android.c2dm.intent.RECEIVE" />
157-->[com.google.firebase:firebase-messaging:23.4.1] AndroidManifest.xml:34:17-81
157-->[com.google.firebase:firebase-messaging:23.4.1] AndroidManifest.xml:34:25-78
158            </intent-filter>
159
160            <meta-data
160-->[com.google.firebase:firebase-messaging:23.4.1] AndroidManifest.xml:37:13-39:40
161                android:name="com.google.android.gms.cloudmessaging.FINISHED_AFTER_HANDLED"
161-->[com.google.firebase:firebase-messaging:23.4.1] AndroidManifest.xml:38:17-92
162                android:value="true" />
162-->[com.google.firebase:firebase-messaging:23.4.1] AndroidManifest.xml:39:17-37
163        </receiver>
164        <!--
165             FirebaseMessagingService performs security checks at runtime,
166             but set to not exported to explicitly avoid allowing another app to call it.
167        -->
168        <service
168-->[com.google.firebase:firebase-messaging:23.4.1] AndroidManifest.xml:46:9-53:19
169            android:name="com.google.firebase.messaging.FirebaseMessagingService"
169-->[com.google.firebase:firebase-messaging:23.4.1] AndroidManifest.xml:47:13-82
170            android:directBootAware="true"
170-->[com.google.firebase:firebase-messaging:23.4.1] AndroidManifest.xml:48:13-43
171            android:exported="false" >
171-->[com.google.firebase:firebase-messaging:23.4.1] AndroidManifest.xml:49:13-37
172            <intent-filter android:priority="-500" >
172-->[com.google.firebase:firebase-messaging:23.4.1] AndroidManifest.xml:50:13-52:29
172-->[com.google.firebase:firebase-messaging:23.4.1] AndroidManifest.xml:50:28-51
173                <action android:name="com.google.firebase.MESSAGING_EVENT" />
173-->[com.google.firebase:firebase-messaging:23.4.1] AndroidManifest.xml:51:17-78
173-->[com.google.firebase:firebase-messaging:23.4.1] AndroidManifest.xml:51:25-75
174            </intent-filter>
175        </service>
176
177        <provider
177-->[com.google.firebase:firebase-common:20.4.2] AndroidManifest.xml:23:9-28:39
178            android:name="com.google.firebase.provider.FirebaseInitProvider"
178-->[com.google.firebase:firebase-common:20.4.2] AndroidManifest.xml:24:13-77
179            android:authorities="com.lbscollege.expense_tracker.firebaseinitprovider"
179-->[com.google.firebase:firebase-common:20.4.2] AndroidManifest.xml:25:13-72
180            android:directBootAware="true"
180-->[com.google.firebase:firebase-common:20.4.2] AndroidManifest.xml:26:13-43
181            android:exported="false"
181-->[com.google.firebase:firebase-common:20.4.2] AndroidManifest.xml:27:13-37
182            android:initOrder="100" />
182-->[com.google.firebase:firebase-common:20.4.2] AndroidManifest.xml:28:13-36
183
184        <uses-library
184-->[androidx.window:window:1.0.0-beta04] AndroidManifest.xml:25:9-27:40
185            android:name="androidx.window.extensions"
185-->[androidx.window:window:1.0.0-beta04] AndroidManifest.xml:26:13-54
186            android:required="false" />
186-->[androidx.window:window:1.0.0-beta04] AndroidManifest.xml:27:13-37
187        <uses-library
187-->[androidx.window:window:1.0.0-beta04] AndroidManifest.xml:28:9-30:40
188            android:name="androidx.window.sidecar"
188-->[androidx.window:window:1.0.0-beta04] AndroidManifest.xml:29:13-51
189            android:required="false" />
189-->[androidx.window:window:1.0.0-beta04] AndroidManifest.xml:30:13-37
190
191        <activity
191-->[com.google.android.gms:play-services-base:18.0.1] AndroidManifest.xml:20:9-22:45
192            android:name="com.google.android.gms.common.api.GoogleApiActivity"
192-->[com.google.android.gms:play-services-base:18.0.1] AndroidManifest.xml:20:19-85
193            android:exported="false"
193-->[com.google.android.gms:play-services-base:18.0.1] AndroidManifest.xml:22:19-43
194            android:theme="@android:style/Theme.Translucent.NoTitleBar" />
194-->[com.google.android.gms:play-services-base:18.0.1] AndroidManifest.xml:21:19-78
195
196        <meta-data
196-->[com.google.android.gms:play-services-basement:18.1.0] AndroidManifest.xml:21:9-23:69
197            android:name="com.google.android.gms.version"
197-->[com.google.android.gms:play-services-basement:18.1.0] AndroidManifest.xml:22:13-58
198            android:value="@integer/google_play_services_version" />
198-->[com.google.android.gms:play-services-basement:18.1.0] AndroidManifest.xml:23:13-66
199
200        <service
200-->[com.google.android.datatransport:transport-backend-cct:3.1.8] AndroidManifest.xml:28:9-34:19
201            android:name="com.google.android.datatransport.runtime.backends.TransportBackendDiscovery"
201-->[com.google.android.datatransport:transport-backend-cct:3.1.8] AndroidManifest.xml:29:13-103
202            android:exported="false" >
202-->[com.google.android.datatransport:transport-backend-cct:3.1.8] AndroidManifest.xml:30:13-37
203            <meta-data
203-->[com.google.android.datatransport:transport-backend-cct:3.1.8] AndroidManifest.xml:31:13-33:39
204                android:name="backend:com.google.android.datatransport.cct.CctBackendFactory"
204-->[com.google.android.datatransport:transport-backend-cct:3.1.8] AndroidManifest.xml:32:17-94
205                android:value="cct" />
205-->[com.google.android.datatransport:transport-backend-cct:3.1.8] AndroidManifest.xml:33:17-36
206        </service>
207        <service
207-->[com.google.android.datatransport:transport-runtime:3.1.8] AndroidManifest.xml:26:9-30:19
208            android:name="com.google.android.datatransport.runtime.scheduling.jobscheduling.JobInfoSchedulerService"
208-->[com.google.android.datatransport:transport-runtime:3.1.8] AndroidManifest.xml:27:13-117
209            android:exported="false"
209-->[com.google.android.datatransport:transport-runtime:3.1.8] AndroidManifest.xml:28:13-37
210            android:permission="android.permission.BIND_JOB_SERVICE" >
210-->[com.google.android.datatransport:transport-runtime:3.1.8] AndroidManifest.xml:29:13-69
211        </service>
212
213        <receiver
213-->[com.google.android.datatransport:transport-runtime:3.1.8] AndroidManifest.xml:32:9-34:40
214            android:name="com.google.android.datatransport.runtime.scheduling.jobscheduling.AlarmManagerSchedulerBroadcastReceiver"
214-->[com.google.android.datatransport:transport-runtime:3.1.8] AndroidManifest.xml:33:13-132
215            android:exported="false" />
215-->[com.google.android.datatransport:transport-runtime:3.1.8] AndroidManifest.xml:34:13-37
216    </application>
217
218</manifest>